2025-03-04 16:06:28.408  INFO DESKTOP-C6UD524 --- [           main] ptablePropertiesBeanFactoryPostProcessor : Post-processing PropertySource instances
2025-03-04 16:06:28.444  INFO DESKTOP-C6UD524 --- [           main] c.u.j.EncryptablePropertySourceConverter : Converting PropertySource configurationProperties [org.springframework.boot.context.properties.source.ConfigurationPropertySourcesPropertySource] to AOP Proxy
2025-03-04 16:06:28.445  INFO DESKTOP-C6UD524 --- [           main] c.u.j.EncryptablePropertySourceConverter : Converting PropertySource bootstrap [org.springframework.core.env.MapPropertySource] to EncryptableMapPropertySourceWrapper
2025-03-04 16:06:28.463  INFO DESKTOP-C6UD524 --- [           main] c.u.j.EncryptablePropertySourceConverter : Converting PropertySource systemProperties [org.springframework.core.env.PropertiesPropertySource] to EncryptableMapPropertySourceWrapper
2025-03-04 16:06:28.463  INFO DESKTOP-C6UD524 --- [           main] c.u.j.EncryptablePropertySourceConverter : Converting PropertySource systemEnvironment [org.springframework.boot.env.SystemEnvironmentPropertySourceEnvironmentPostProcessor$OriginAwareSystemEnvironmentPropertySource] to EncryptableSystemEnvironmentPropertySourceWrapper
2025-03-04 16:06:28.464  INFO DESKTOP-C6UD524 --- [           main] c.u.j.EncryptablePropertySourceConverter : Converting PropertySource random [org.springframework.boot.env.RandomValuePropertySource] to EncryptablePropertySourceWrapper
2025-03-04 16:06:28.464  INFO DESKTOP-C6UD524 --- [           main] c.u.j.EncryptablePropertySourceConverter : Converting PropertySource springCloudClientHostInfo [org.springframework.core.env.MapPropertySource] to EncryptableMapPropertySourceWrapper
2025-03-04 16:06:28.464  INFO DESKTOP-C6UD524 --- [           main] c.u.j.EncryptablePropertySourceConverter : Converting PropertySource applicationConfig: [classpath:/bootstrap.yml] [org.springframework.boot.env.OriginTrackedMapPropertySource] to EncryptableMapPropertySourceWrapper
2025-03-04 16:06:28.523  INFO DESKTOP-C6UD524 --- [           main] c.u.j.f.DefaultLazyPropertyFilter        : Property Filter custom Bean not found with name 'encryptablePropertyFilter'. Initializing Default Property Filter
2025-03-04 16:06:28.881  INFO DESKTOP-C6UD524 --- [           main] c.c.a.CcdAuthenticationServerApplication : No active profile set, falling back to default profiles: default
2025-03-04 16:06:30.071  INFO DESKTOP-C6UD524 --- [           main] o.s.c.c.s.GenericScope                   : BeanFactory id=20590102-0ee0-32c1-ad8e-ee260a12b131
2025-03-04 16:06:30.100  INFO DESKTOP-C6UD524 --- [           main] ptablePropertiesBeanFactoryPostProcessor : Post-processing PropertySource instances
2025-03-04 16:06:30.103  INFO DESKTOP-C6UD524 --- [           main] c.u.j.EncryptablePropertySourceConverter : Converting PropertySource configurationProperties [org.springframework.boot.context.properties.source.ConfigurationPropertySourcesPropertySource] to AOP Proxy
2025-03-04 16:06:30.104  INFO DESKTOP-C6UD524 --- [           main] c.u.j.EncryptablePropertySourceConverter : Converting PropertySource servletConfigInitParams [org.springframework.core.env.PropertySource$StubPropertySource] to EncryptablePropertySourceWrapper
2025-03-04 16:06:30.108  INFO DESKTOP-C6UD524 --- [           main] c.u.j.EncryptablePropertySourceConverter : Converting PropertySource servletContextInitParams [org.springframework.core.env.PropertySource$StubPropertySource] to EncryptablePropertySourceWrapper
2025-03-04 16:06:30.108  INFO DESKTOP-C6UD524 --- [           main] c.u.j.EncryptablePropertySourceConverter : Converting PropertySource systemProperties [org.springframework.core.env.PropertiesPropertySource] to EncryptableMapPropertySourceWrapper
2025-03-04 16:06:30.109  INFO DESKTOP-C6UD524 --- [           main] c.u.j.EncryptablePropertySourceConverter : Converting PropertySource systemEnvironment [org.springframework.boot.env.SystemEnvironmentPropertySourceEnvironmentPostProcessor$OriginAwareSystemEnvironmentPropertySource] to EncryptableSystemEnvironmentPropertySourceWrapper
2025-03-04 16:06:30.109  INFO DESKTOP-C6UD524 --- [           main] c.u.j.EncryptablePropertySourceConverter : Converting PropertySource random [org.springframework.boot.env.RandomValuePropertySource] to EncryptablePropertySourceWrapper
2025-03-04 16:06:30.110  INFO DESKTOP-C6UD524 --- [           main] c.u.j.EncryptablePropertySourceConverter : Converting PropertySource springCloudClientHostInfo [org.springframework.core.env.MapPropertySource] to EncryptableMapPropertySourceWrapper
2025-03-04 16:06:30.110  INFO DESKTOP-C6UD524 --- [           main] c.u.j.EncryptablePropertySourceConverter : Converting PropertySource applicationConfig: [classpath:/application.yml] [org.springframework.boot.env.OriginTrackedMapPropertySource] to EncryptableMapPropertySourceWrapper
2025-03-04 16:06:30.112  INFO DESKTOP-C6UD524 --- [           main] c.u.j.EncryptablePropertySourceConverter : Converting PropertySource springCloudDefaultProperties [org.springframework.core.env.MapPropertySource] to EncryptableMapPropertySourceWrapper
2025-03-04 16:06:30.113  INFO DESKTOP-C6UD524 --- [           main] c.u.j.EncryptablePropertySourceConverter : Converting PropertySource cachedrandom [org.springframework.cloud.util.random.CachedRandomPropertySource] to EncryptablePropertySourceWrapper
2025-03-04 16:06:30.173  INFO DESKTOP-C6UD524 --- [           main] c.u.j.f.DefaultLazyPropertyFilter        : Property Filter custom Bean not found with name 'encryptablePropertyFilter'. Initializing Default Property Filter
2025-03-04 16:06:30.249  INFO DESKTOP-C6UD524 --- [           main] trationDelegate$BeanPostProcessorChecker : Bean 'org.springframework.security.access.expression.method.DefaultMethodSecurityExpressionHandler@4110765e' of type [org.springframework.security.oauth2.provider.expression.OAuth2MethodSecurityExpressionHandler] is not eligible for getting processed by all BeanPostProcessors (for example: not eligible for auto-proxying)
2025-03-04 16:06:30.260  INFO DESKTOP-C6UD524 --- [           main] trationDelegate$BeanPostProcessorChecker : Bean 'methodSecurityMetadataSource' of type [org.springframework.security.access.method.DelegatingMethodSecurityMetadataSource] is not eligible for getting processed by all BeanPostProcessors (for example: not eligible for auto-proxying)
2025-03-04 16:06:30.712  INFO DESKTOP-C6UD524 --- [           main] o.s.b.w.e.t.TomcatWebServer              : Tomcat initialized with port(s): 6082 (http)
2025-03-04 16:06:30.724  INFO DESKTOP-C6UD524 --- [           main] o.a.c.h.Http11NioProtocol                : Initializing ProtocolHandler ["http-nio-6082"]
2025-03-04 16:06:30.725  INFO DESKTOP-C6UD524 --- [           main] o.a.c.c.StandardService                  : Starting service [Tomcat]
2025-03-04 16:06:30.726  INFO DESKTOP-C6UD524 --- [           main] o.a.c.c.StandardEngine                   : Starting Servlet engine: [Apache Tomcat/9.0.43]
2025-03-04 16:06:30.825  INFO DESKTOP-C6UD524 --- [           main] o.a.c.c.C.[.[.[/]                        : Initializing Spring embedded WebApplicationContext
2025-03-04 16:06:30.841  INFO DESKTOP-C6UD524 --- [           main] w.s.c.ServletWebServerApplicationContext : Root WebApplicationContext: initialization completed in 1912 ms
2025-03-04 16:06:31.139  INFO DESKTOP-C6UD524 --- [           main] c.u.j.r.DefaultLazyPropertyResolver      : Property Resolver custom Bean not found with name 'encryptablePropertyResolver'. Initializing Default Property Resolver
2025-03-04 16:06:31.143  INFO DESKTOP-C6UD524 --- [           main] c.u.j.d.DefaultLazyPropertyDetector      : Property Detector custom Bean not found with name 'encryptablePropertyDetector'. Initializing Default Property Detector
2025-03-04 16:06:31.977  INFO DESKTOP-C6UD524 --- [           main] o.s.s.w.DefaultSecurityFilterChain       : Creating filter chain: OrRequestMatcher [requestMatchers=[Ant [pattern='/oauth/token'], Ant [pattern='/oauth/token_key'], Ant [pattern='/oauth/check_token']]], [org.springframework.security.web.context.request.async.WebAsyncManagerIntegrationFilter@1320e68a, org.springframework.security.web.context.SecurityContextPersistenceFilter@739265f1, org.springframework.security.web.header.HeaderWriterFilter@681c0ae6, org.springframework.security.web.authentication.logout.LogoutFilter@4c07d1fc, org.springframework.security.web.authentication.www.BasicAuthenticationFilter@647b9364, org.springframework.security.web.savedrequest.RequestCacheAwareFilter@6acffb2d, org.springframework.security.web.servletapi.SecurityContextHolderAwareRequestFilter@739e8b96, org.springframework.security.web.authentication.AnonymousAuthenticationFilter@4b033eac, org.springframework.security.web.session.SessionManagementFilter@6d6bff89, org.springframework.security.web.access.ExceptionTranslationFilter@52bd9a27, org.springframework.security.web.access.intercept.FilterSecurityInterceptor@c2df90e]
2025-03-04 16:06:31.991  INFO DESKTOP-C6UD524 --- [           main] o.s.s.w.DefaultSecurityFilterChain       : Creating filter chain: org.springframework.security.oauth2.config.annotation.web.configuration.ResourceServerConfiguration$NotOAuthRequestMatcher@443a53df, [org.springframework.security.web.context.request.async.WebAsyncManagerIntegrationFilter@6c33da7a, org.springframework.security.web.context.SecurityContextPersistenceFilter@236ae13d, org.springframework.security.web.header.HeaderWriterFilter@12d40609, org.springframework.security.web.authentication.logout.LogoutFilter@32256e68, org.springframework.security.oauth2.provider.authentication.OAuth2AuthenticationProcessingFilter@79ba0a6f, org.springframework.security.web.savedrequest.RequestCacheAwareFilter@193eb1ba, org.springframework.security.web.servletapi.SecurityContextHolderAwareRequestFilter@2be818da, org.springframework.security.web.authentication.AnonymousAuthenticationFilter@69aabcb0, org.springframework.security.web.session.SessionManagementFilter@76437e9b, org.springframework.security.web.access.ExceptionTranslationFilter@7fb8bad0, org.springframework.security.web.access.intercept.FilterSecurityInterceptor@4525e9e8]
2025-03-04 16:06:31.994  INFO DESKTOP-C6UD524 --- [           main] o.s.s.w.DefaultSecurityFilterChain       : Creating filter chain: any request, [org.springframework.security.web.context.request.async.WebAsyncManagerIntegrationFilter@43da0955, org.springframework.security.web.context.SecurityContextPersistenceFilter@59d0cdb6, org.springframework.security.web.header.HeaderWriterFilter@6e243175, org.springframework.security.web.authentication.logout.LogoutFilter@16ee9aa7, org.springframework.security.web.savedrequest.RequestCacheAwareFilter@2dfeb141, org.springframework.security.web.servletapi.SecurityContextHolderAwareRequestFilter@629e8212, org.springframework.security.web.authentication.AnonymousAuthenticationFilter@bc09d57, org.springframework.security.web.session.SessionManagementFilter@7a1a3468, org.springframework.security.web.access.ExceptionTranslationFilter@5d352de0, org.springframework.security.web.access.intercept.FilterSecurityInterceptor@4d0cc83e]
2025-03-04 16:06:32.137  INFO DESKTOP-C6UD524 --- [           main] o.s.s.c.ThreadPoolTaskExecutor           : Initializing ExecutorService 'applicationTaskExecutor'
2025-03-04 16:06:33.057  INFO DESKTOP-C6UD524 --- [on(2)-127.0.0.1] o.a.c.c.C.[.[.[/]                        : Initializing Spring DispatcherServlet 'dispatcherServlet'
2025-03-04 16:06:33.068  INFO DESKTOP-C6UD524 --- [on(2)-127.0.0.1] o.s.w.s.DispatcherServlet                : Initializing Servlet 'dispatcherServlet'
2025-03-04 16:06:33.278  INFO DESKTOP-C6UD524 --- [on(2)-127.0.0.1] o.s.b.a.e.w.EndpointLinksResolver        : Exposing 2 endpoint(s) beneath base path '/actuator'
2025-03-04 16:06:33.301  INFO DESKTOP-C6UD524 --- [on(2)-127.0.0.1] o.s.w.s.DispatcherServlet                : Completed initialization in 232 ms
2025-03-04 16:06:33.316  WARN DESKTOP-C6UD524 --- [           main] s.o.SpringCloudSecurityAutoConfiguration : All Spring Cloud Security modules and starters are deprecated. They will be moved to individual projects in the next major release.
2025-03-04 16:06:33.541  INFO DESKTOP-C6UD524 --- [           main] o.a.c.h.Http11NioProtocol                : Starting ProtocolHandler ["http-nio-6082"]
2025-03-04 16:06:33.619  INFO DESKTOP-C6UD524 --- [           main] o.s.b.w.e.t.TomcatWebServer              : Tomcat started on port(s): 6082 (http) with context path ''
2025-03-04 16:06:33.845  INFO DESKTOP-C6UD524 --- [           main] c.c.a.CcdAuthenticationServerApplication : Started CcdAuthenticationServerApplication in 6.616 seconds (JVM running for 7.708)
